0:100  0:100  MemLog inited, TSC freq: 2304315700
0:100  0:000  CPU was calibrated with RTC
0:100  0:000  
0:100  0:000  Now is 27.09.2020,  16:43:09 (GMT)
0:100  0:000  Starting Clover revision: 5119 (master, commit 0f5da727e) on American Megatrends EFI
0:100  0:000  Build with: [Args: -D NO_GRUB_DRIVERS_EMBEDDED -t GCC53 | -D NO_GRUB_DRIVERS_EMBEDDED --conf=/Users/sergey/src/Clover/Conf -D USE_LOW_EBDA -a X64 -b RELEASE -t GCC53 -n 5 | OS: 10.14.6]
0:100  0:000  SelfDevicePath=PciRoot(0x0)\Pci(0x1D,0x4)\Pci(0x0,0x0)\NVMe(0x1,21-B1-7A-46-8B-44-1B-00)\HD(1,GPT,CE562537-DE43-4676-8993-F70BA26A4354,0x28,0x64000) @85F79B98
0:100  0:000  SelfDirPath = \EFI\BOOT
0:100  0:000  Clover : Image base = 0x7D40A000
0:100  0:000  SimpleTextEx Status=Success
0:100  0:000  === [ Get Smbios ] ==============================
0:108  0:007  Type 16 Index = 0
0:108  0:000  Total Memory Slots Count = 2
0:108  0:000  Type 17 Index = 0
0:108  0:000  SmbiosTable.Type17->Speed = 2400MHz
0:108  0:000  SmbiosTable.Type17->Size = 8192MB
0:108  0:000  SmbiosTable.Type17->Bank/Device = BANK 0 ChannelA-DIMM0
0:108  0:000  SmbiosTable.Type17->Vendor = Samsung
0:108  0:000  SmbiosTable.Type17->SerialNumber = 12042EB0
0:108  0:000  SmbiosTable.Type17->PartNumber = GSA8G4SCL176P-24    
0:108  0:000  Type 17 Index = 1
0:108  0:000  SmbiosTable.Type17->Speed = 2400MHz
0:108  0:000  SmbiosTable.Type17->Size = 8192MB
0:108  0:000  SmbiosTable.Type17->Bank/Device = BANK 2 ChannelB-DIMM0
0:108  0:000  SmbiosTable.Type17->Vendor = Samsung
0:108  0:000  SmbiosTable.Type17->SerialNumber = 12042EB0
0:108  0:000  SmbiosTable.Type17->PartNumber = GSA8G4SCL176P-24    
0:108  0:000  Boot status=0
0:108  0:000  Running on: 'Default string' with board 'Default string'
0:108  0:000  === [ GetCPUProperties ] ========================
0:108  0:000  CPU Vendor = 756E6547 Model=806EA
0:108  0:000   The CPU supported SSE4.1
0:108  0:000  BrandString = Intel(R) Core(TM) i5-8259U CPU @ 2.30GHz
0:108  0:000   The CPU supported turbo
0:108  0:000  MSR 0x35               40008
0:108  0:000   TSC/CCC Information Leaf:
0:108  0:000    numerator     : 192
0:108  0:000    denominator   : 2
0:108  0:000   Calibrated ARTFrequency: 24003288
0:108  0:000   Rounded ARTFrequency: 24000000
0:108  0:000  MSR 0xE2 before patch FE000008
0:108  0:000  MSR 0xCE              0204043B_F1011700
0:108  0:000  MSR 0x1B0             00000000
0:108  0:000  FSBFrequency = 155 MHz, DMI FSBFrequency = 100 MHz, Corrected FSBFrequency = 100 MHz
0:108  0:000  MaxDiv/MinDiv: 23.0/4
0:108  0:000  Turbo: 36/37/38/38
0:108  0:000  Features: 0x77FAFBBFBFEBFBFF
0:108  0:000  Threads: 8
0:108  0:000  Cores: 4
0:108  0:000  FSB: 100 MHz
0:108  0:000  CPU: 3564 MHz
0:108  0:000  TSC: 3564 MHz
0:108  0:000  PIS: 100 MHz
0:108  0:000  ExternalClock: 25 MHz
0:108  0:000  === [ GetDevices ] ==============================
0:108  0:000  GOP found at: PciRoot(0x0)/Pci(0x2,0x0)/AcpiAdr(0x80013310)
0:108  0:000  PCI (00|00:00.00) : 8086 3ED0 class=060000
0:108  0:000  PCI (00|00:02.00) : 8086 3EA5 class=030000
0:108  0:000   - GOP: Provided by device
0:108  0:000   - GFX: Model=Intel Iris Plus Graphics 655 (Intel)
0:108  0:000  PCI (00|00:08.00) : 8086 1911 class=088000
0:108  0:000  PCI (00|00:12.00) : 8086 9DF9 class=118000
0:108  0:000  PCI (00|00:14.00) : 8086 9DED class=0C0330
0:108  0:000  PCI (00|00:14.02) : 8086 9DEF class=050000
0:108  0:000  PCI (00|00:14.05) : 8086 9DF5 class=080501
0:108  0:000  PCI (00|00:15.00) : 8086 9DE8 class=0C8000
0:108  0:000  PCI (00|00:15.01) : 8086 9DE9 class=0C8000
0:108  0:000  PCI (00|00:16.00) : 8086 9DE0 class=078000
0:108  0:000  PCI (00|00:17.00) : 8086 9DD3 class=010601
0:108  0:000  PCI (00|00:19.00) : 8086 9DC5 class=0C8000
0:108  0:000  PCI (00|00:1A.00) : 8086 9DC4 class=080501
0:108  0:000  PCI (00|00:1C.00) : 8086 9DBE class=060400
0:108  0:000  PCI (00|01:00.00) : 10EC 8168 class=020000
0:108  0:000   - LAN: 0 Vendor=Realtek
0:108  0:000  PCI (00|00:1C.07) : 8086 9DBF class=060400
0:108  0:000  PCI (00|02:00.00) : 14E4 43A0 class=028000
0:108  0:000   - WIFI: Vendor=5348 = Broadcom
0:108  0:000  PCI (00|00:1D.00) : 8086 9DB0 class=060400
0:108  0:000  PCI (00|03:00.00) : 10EC 8168 class=020000
0:108  0:000   - LAN: 1 Vendor=Realtek
0:108  0:000  PCI (00|00:1D.04) : 8086 9DB4 class=060400
0:108  0:000  PCI (00|04:00.00) : 15B7 5006 class=010802
0:108  0:000  PCI (00|00:1F.00) : 8086 9D84 class=060100
0:108  0:000  PCI (00|00:1F.03) : 8086 9DC8 class=040300
0:109  0:000  PCI (00|00:1F.04) : 8086 9DA3 class=0C0500
0:109  0:000  PCI (00|00:1F.05) : 8086 9DA4 class=0C8000
0:109  0:000  === [ GetDefaultSettings ] ======================
0:109  0:000  Clover load options size = 0 bytes
0:110  0:001  CheckOEMPathExists tried EFI\CLOVER\OEM\Default string--00-00-00-00-00-00. Dir not exists
0:110  0:000  CheckOEMPathExists tried EFI\CLOVER\OEM\Default string--00-00-00-00-00-00. Dir not exists
0:110  0:000  CheckOEMPathExists tried EFI\CLOVER\OEM\Default string\UEFI. Dir not exists
0:110  0:000  CheckOEMPathExists tried EFI\CLOVER\OEM\Default string. Dir not exists
0:110  0:000  CheckOEMPathExists tried EFI\CLOVER\OEM\Default string-3564. Dir not exists
0:111  0:000  CheckOEMPathExists tried EFI\CLOVER\OEM\Default string. Dir not exists
0:111  0:000  CheckOEMPathExists tried EFI\CLOVER\OEM\Default string-3564. Dir not exists
0:111  0:000  set OEMPath by default: EFI\CLOVER
0:113  0:001  EFI\CLOVER\config.plist loaded: Success
0:121  0:007  === [ GetListOfThemes ] =========================
0:121  0:000  - [00]: SimpleThemeDark
0:121  0:000  - [01]: Catalina
0:122  0:000  - [02]: Hackintosh_ID
0:123  0:000  - [03]: mac
0:124  0:001  - [04]: CrispyOSX
0:126  0:001  === [ Found config plists ] =====================
0:126  0:000  - config.install.plist
0:127  0:000  - config.plist
0:127  0:000  - config_new.plist
0:127  0:000  === [ GetEarlyUserSettings ] ====================
0:127  0:000  timeout set to 5
0:127  0:000  Custom boot CUSTOM_BOOT_DISABLED (0x0)
0:127  0:000   get BlueValue=1.200000
0:127  0:000  KernelToPatch: 3 requested
0:127  0:000   - [00]: MSR 0xE2 _xcpm_idle instant reboot(c) Pike R. Alpha :: data len: 8
0:127  0:000   - [01]: Disable panic kext logging on 10.13 release kernel (credit vit9696) :: MatchOS: 10.13.x :: data len: 6
0:127  0:000   - [02]: Disable panic kext logging on 10.14 release kernel (credit vit9696) :: MatchOS: 10.14.x :: data len: 6
0:127  0:000  Default theme: Catalina
0:127  0:000  Hiding entries with string Preboot
0:127  0:000  Hiding entries with string Recovery
0:127  0:000  === [ LoadDrivers ] =============================
0:128  0:000  Loading FSInject.efi  status=Success
0:129  0:001  Loading HFSPlus.efi  status=Success
0:131  0:001   - driver needs connecting
0:131  0:000  Loading apfs.efi  status=Success
0:132  0:001   - driver needs connecting
0:132  0:000  Loading SMCHelper.efi  status=Success
0:134  0:001  Loading EmuVariableUefi.efi  status=Success
0:135  0:000  EmuVariableUefi Initialize: VariableCommonInitialize = Success, orig services stored, install gEmuVariableControlProtocolGuid = Success
0:135  0:000  Loading ApfsDriverLoader.efi  status=Success
0:136  0:001   - driver needs connecting
0:136  0:000  Loading AptioMemoryFix.efi  status=Success
0:138  0:001  3 drivers needs connecting ...
0:138  0:000  PlatformDriverOverrideProtocol not found. Installing ... Success
0:138  0:000  HFS+ driver loaded
0:138  0:000  APFS driver loaded
0:138  0:000  Searching for invalid DiskIo BY_DRIVER connects: not found, all ok
0:830  0:692  EmuVariable InstallEmulation: orig vars copied, emu.var.services installed, CreateEvent VirtualAddressChange = Success, CreateEvent ExitBootServices = Success, set Status=Success
0:854  0:023  === [ InitScreen ] ==============================
0:854  0:000  Console modes reported: 4, available modes:
0:854  0:000   - [01]: 80x25 (current mode)
0:854  0:000   - [02]: 80x50
0:854  0:000   - [03]: 100x31
0:854  0:000   - [04]: 480x113
0:854  0:000  SetScreenResolution: 1920x1080 - not found!
0:854  0:000  SetMaxResolution: found best mode 0: 3840x2160
0:854  0:000   - already set
0:854  0:000  reinit: self device path=PciRoot(0x0)\Pci(0x1D,0x4)\Pci(0x0,0x0)\NVMe(0x1,21-B1-7A-46-8B-44-1B-00)\HD(1,GPT,CE562537-DE43-4676-8993-F70BA26A4354,0x28,0x64000)
0:854  0:000  new SelfHandle=85F79B98
0:854  0:000  === [ GetMacAddress ] ===========================
0:854  0:000  === [ ScanSPD ] =================================
0:855  0:000  Scanning SMBus [8086:9DA3], mmio: 0xA1718004, ioport: 0xEFA0, hostc: 0x11
0:873  0:018  Slot: 0 Type 26 8192MB 2400MHz Vendor=Samsung PartNo=GSA8G4SCL176P-24 SerialNo=12042EB0
0:891  0:018  Slot: 2 Type 26 8192MB 2400MHz Vendor=Samsung PartNo=GSA8G4SCL176P-24 SerialNo=12042EB0
0:892  0:000  === [ GetAcpiTablesList ] =======================
0:907  0:015  Get Acpi Tables List from RSDT:
0:907  0:000   - [00]: FACP  A M I  len=132
0:907  0:000   - [01]: APIC  A M I  len=188
0:907  0:000   - [02]: FPDT  A M I  len=68
0:907  0:000   - [03]: FIDT  A M I len=156
0:907  0:000   - [04]: MCFG  A M I  len=60
0:907  0:000   - [05]: SSDT  CpuSsdt len=7007
0:907  0:000   - [06]: SSDT  SaSsdt  len=12742
0:907  0:000   - [07]: HPET  A M I  len=56
0:907  0:000   - [08]: SSDT  Ther_Rvp len=4014
0:907  0:000   - [09]: SSDT  xh_whld4 len=12359
0:907  0:000   - [10]: UEFI  A M I  len=66
0:907  0:000   - [11]: LPIT  A M I  len=148
0:907  0:000   - [12]: SSDT  PtidDevc len=10206
0:907  0:000   - [13]: SSDT  TbtTypeC len=5346
0:907  0:000   - [14]: DBGP  A M I  len=52
0:907  0:000   - [15]: DBG2  A M I  len=84
0:907  0:000   - [16]: DMAR  EDK2     len=168
0:907  0:000   - [17]: SSDT  ADebTabl len=324
0:907  0:000   - [18]: BGRT  A M I  len=56
0:907  0:000   - [19]: WSMT  A M I  len=40
0:907  0:000  Calibrated TSC Frequency = 2304315700 = 2304MHz
0:907  0:000  === [ GetUserSettings ] =========================
0:907  0:000  Add 3 devices (kTagTypeDict):
0:908  0:000  USB FixOwnership: no
0:908  0:000   - final DSDT Fix mask=00200000
0:908  0:000  PatchesDSDT: 9 requested
0:908  0:000   - [00]: (Fix RTC _STA bug) lenToFind: 8, lenToReplace: 8, Target Bridge: 
0:908  0:000   - [01]: (change _OSI to XOSI) lenToFind: 4, lenToReplace: 4, Target Bridge: 
0:908  0:000   - [02]: (change H_EC to EC) lenToFind: 4, lenToReplace: 4, Target Bridge: 
0:908  0:000   - [03]: (change GFX0 to IGPU) lenToFind: 4, lenToReplace: 4, Target Bridge: 
0:908  0:000   - [04]: (change HECI to IMEI) lenToFind: 4, lenToReplace: 4, Target Bridge: 
0:908  0:000   - [05]: (change SAT0 to SATA) lenToFind: 4, lenToReplace: 4, Target Bridge: 
0:908  0:000   - [06]: (change _DSM to XDSM) lenToFind: 4, lenToReplace: 4, Target Bridge: 
0:908  0:000   - [07]: (change XDCI._STA to XDCI.XSTA) lenToFind: 4, lenToReplace: 4, Target Bridge: XDCIoc¥xptalÇŒ0
0:908  0:000   - [08]: (Fix NUC BIOS DSDT Device(RTC)) lenToFind: 8, lenToReplace: 8, Target Bridge: 
0:908  0:000  Using ProductName from config: Macmini8,1
0:908  0:000  Found same BiosVersion in clover and config
0:908  0:000  BiosVersion: MM81.88Z.F000.B00.2005132145
0:908  0:000  BiosReleaseDate: 05/13/2020
0:908  0:000  Using EfiVersion from clover: 1037.120.87.0.0
0:908  0:000  Using FirmwareFeatures from config: 0xFD8FF466
0:908  0:000  Using FirmwareFeaturesMask from config: 0xFFDFFF7F
0:908  0:000  Board-ID set from config as Mac-7BA5B2DFE22DDD8C
0:908  0:000  BoardType: 0xA
0:908  0:000  ChassisType: 0x9
0:908  0:000  Converted CustomUUID B515B614-2C7C-4272-85EF-6E9C31E54F32
0:908  0:000  === [ Found DSDT tables ] =======================
1:701  0:792  === [ ScanVolumes ] =============================
1:701  0:000  Found 13 volumes with blockIO
1:701  0:000  - [00]: Volume: PciRoot(0x0)\Pci(0x14,0x0)\USB(0x7,0x0)
1:701  0:000  - [01]: Volume: PciRoot(0x0)\Pci(0x1D,0x4)\Pci(0x0,0x0)\NVMe(0x1,21-B1-7A-46-8B-44-1B-00)
1:701  0:000  - [02]: Volume: PciRoot(0x0)\Pci(0x1D,0x4)\Pci(0x0,0x0)\NVMe(0x1,21-B1-7A-46-8B-44-1B-00)\HD(1,GPT,CE562537-DE43-4676-8993-F70BA26A4354,0x28,0x64000)
1:701  0:000          Result of bootcode detection: bootable unknown (legacy)
1:701  0:000          This is SelfVolume !!
1:701  0:000  - [03]: Volume: PciRoot(0x0)\Pci(0x1D,0x4)\Pci(0x0,0x0)\NVMe(0x1,21-B1-7A-46-8B-44-1B-00)\HD(2,GPT,C505F350-BB67-4645-B780-7A09A22EAD4D,0x64028,0x746A2D60)
1:701  0:000          Result of bootcode detection: bootable unknown (legacy)
1:701  0:000  - [04]: Volume: PciRoot(0x0)\Pci(0x17,0x0)\Sata(0x1,0xFFFF,0x0)
1:705  0:004  - [05]: Volume: PciRoot(0x0)\Pci(0x17,0x0)\Sata(0x1,0xFFFF,0x0)\HD(1,GPT,6BAFD00F-7803-4B9B-A158-2F71DD3B4BBC,0x28,0x64000)
1:706  0:000          Result of bootcode detection: bootable unknown (legacy)
1:722  0:015  - [06]: Volume: PciRoot(0x0)\Pci(0x17,0x0)\Sata(0x1,0xFFFF,0x0)\HD(2,GPT,179DB338-E2A7-41D0-84B0-9B6A595A2314,0x64028,0x1BEC0460)
1:724  0:002          Result of bootcode detection: bootable unknown (legacy)
1:724  0:000  - [07]: Volume: PciRoot(0x0)\Pci(0x17,0x0)\Sata(0x1,0xFFFF,0x0)\HD(2,GPT,179DB338-E2A7-41D0-84B0-9B6A595A2314,0x64028,0x1BEC0460)\VenMedia(BE74FCF7-0B7C-49F3-9147-01F4042E6842,9E12610D888F1745B8F781D8548CCB48)
1:724  0:000  - [08]: Volume: PciRoot(0x0)\Pci(0x1D,0x4)\Pci(0x0,0x0)\NVMe(0x1,21-B1-7A-46-8B-44-1B-00)\HD(2,GPT,C505F350-BB67-4645-B780-7A09A22EAD4D,0x64028,0x746A2D60)\VenMedia(BE74FCF7-0B7C-49F3-9147-01F4042E6842,44EDD8A06DBE4E43A62657FCF1466872)
1:724  0:000          hiding this volume
1:724  0:000  - [09]: Volume: PciRoot(0x0)\Pci(0x1D,0x4)\Pci(0x0,0x0)\NVMe(0x1,21-B1-7A-46-8B-44-1B-00)\HD(2,GPT,C505F350-BB67-4645-B780-7A09A22EAD4D,0x64028,0x746A2D60)\VenMedia(BE74FCF7-0B7C-49F3-9147-01F4042E6842,95F45C73269AAF4E97495A9B33BA3D22)
1:724  0:000  - [10]: Volume: PciRoot(0x0)\Pci(0x1D,0x4)\Pci(0x0,0x0)\NVMe(0x1,21-B1-7A-46-8B-44-1B-00)\HD(2,GPT,C505F350-BB67-4645-B780-7A09A22EAD4D,0x64028,0x746A2D60)\VenMedia(BE74FCF7-0B7C-49F3-9147-01F4042E6842,2204A4045A052045B0B5A3ECEC6C2AFE)
1:724  0:000          hiding this volume
1:724  0:000  - [11]: Volume: PciRoot(0x0)\Pci(0x1D,0x4)\Pci(0x0,0x0)\NVMe(0x1,21-B1-7A-46-8B-44-1B-00)\HD(2,GPT,C505F350-BB67-4645-B780-7A09A22EAD4D,0x64028,0x746A2D60)\VenMedia(BE74FCF7-0B7C-49F3-9147-01F4042E6842,A498210EA474124D8231A23CCF1B3D3B)
1:724  0:000  - [12]: Volume: PciRoot(0x0)\Pci(0x1D,0x4)\Pci(0x0,0x0)\NVMe(0x1,21-B1-7A-46-8B-44-1B-00)\HD(2,GPT,C505F350-BB67-4645-B780-7A09A22EAD4D,0x64028,0x746A2D60)\VenMedia(BE74FCF7-0B7C-49F3-9147-01F4042E6842,BD46680113A22843A0244C6442857530)
1:724  0:000  Searching volumes for latest nvram.plist ...
1:731  0:006  loaded Status=Not Found
1:731  0:000  PutNvramPlistToRtVars: nvram.plist not found
1:731  0:000  No AudioIoProtocols, status=Not Found
1:731  0:000  === [ InitXTheme ] ==============================
1:731  0:000  use Daylight theme
1:738  0:006  Using theme 'Catalina' (EFI\CLOVER\themes\Catalina)
1:738  0:000  chosen theme Catalina
1:738  0:000  OS main and drive as badge
1:894  0:155  sound play end with status=Device Error
1:896  0:002  theme inited
1:896  0:000  Chosen theme Catalina
1:896  0:000  after NVRAM boot-args=
1:896  0:000  === [ Dump SMC keys from NVRAM ] ================
1:896  0:000  found AppleSMC protocol
1:897  0:000  Registered 14 SMC keys
1:897  0:000  === [ ScanLoader ] ==============================
1:897  0:000  - [02]: 'EFI'
1:901  0:004          AddLoaderEntry for Volume Name=EFI
1:901  0:000          skipped because entry is hidden
1:901  0:000  - [05]: 'EFI'
2:101  0:200  - [07]: 'DOC'
2:101  0:000  - [08]: 'Preboot', hidden
2:101  0:000  - [09]: 'Machintosh HD - Data'
2:103  0:001  - [10]: 'Recovery', hidden
2:103  0:000  - [11]: 'VM'
2:103  0:000  - [12]: 'Machintosh HD'
2:108  0:005          AddLoaderEntry for Volume Name=Machintosh HD
2:110  0:002      hibernated: set as never
2:110  0:000  IconName=cata,mac comma=4 size=8
2:110  0:000    first=os_cata
2:110  0:000      Loader entry created for 'PciRoot(0x0)\Pci(0x1D,0x4)\Pci(0x0,0x0)\NVMe(0x1,21-B1-7A-46-8B-44-1B-00)\HD(2,GPT,C505F350-BB67-4645-B780-7A09A22EAD4D,0x64028,0x746A2D60)\VenMedia(BE74FCF7-0B7C-49F3-9147-01F4042E6842,BD46680113A22843A0244C6442857530)\System\Library\CoreServices\boot.efi'
2:112  0:001  === [ AddCustomTool ] ===========================
2:113  0:000  EmuVariable UninstallEmulation: CloseEvent = Success, original var services restored
2:113  0:000  EmuVariable InstallEmulation: orig vars copied, emu.var.services installed, CreateEvent VirtualAddressChange = Success, CreateEvent ExitBootServices = Success, set Status=Success
2:137  0:024  === [ GetEfiBootDeviceFromNvram ] ===============
2:137  0:000  Default boot entry not found
2:137  0:000  EmuVariable UninstallEmulation: CloseEvent = Success, original var services restored
2:137  0:000  BannerPlace at Clear Screen [1884,820]
2:621  0:483  AnimeRun=0
3:782  1:161  GUI ready
6:212  2:430  BootVariable of the entry is empty
6:212  0:000  === [ StartLoader ] =============================
6:212  0:000  Finally: ExternalClock=26MHz BusSpeed=100188kHz CPUFreq=2304MHz PIS: hw.busfrequency=104000000Hz
6:212  0:000  start loader
6:212  0:000  Loading boot.efi  status=Success
6:370  0:157  GetOSVersion: 10.15.7 (19H2)
6:370  0:000  CSR_CFG: CSR_ALLOW_UNTRUSTED_KEXTS | CSR_ALLOW_UNRESTRICTED_FS | CSR_ALLOW_TASK_FOR_PID | CSR_ALLOW_UNRESTRICTED_DTRACE | CSR_ALLOW_UNRESTRICTED_NVRAM
6:370  0:000  Filtering KernelPatches:
6:370  0:000   - [00]: MSR 0xE2 _xcpm_idle instant reboot(c) Pike R. Alpha :: [OS: 10.15.7 | MatchOS: All | MatchBuild: no] ==> allowed by OS
6:370  0:000   - [01]: Disable panic kext logging on 10.13 release kernel (credit vit9696) :: [OS: 10.15.7 | MatchOS: 10.13.x | MatchBuild: no] ==> not allowed by OS
6:370  0:000   - [02]: Disable panic kext logging on 10.14 release kernel (credit vit9696) :: [OS: 10.15.7 | MatchOS: 10.14.x | MatchBuild: no] ==> not allowed by OS
6:370  0:000  Will not patch boot.efi
6:370  0:000  EmuVariable InstallEmulation: orig vars copied, emu.var.services installed, CreateEvent VirtualAddressChange = Success, CreateEvent ExitBootServices = Success, set Status=Success
6:394  0:024  === [ PatchSmbios ] =============================
6:394  0:000  insert table 9 for dev 0:0
6:394  0:000  insert table 9 for dev 0:0
6:394  0:000  Table 11 present, but rewritten for us
6:395  0:001  Trusting SMBIOS...
6:395  0:000  Detected alternating SMBIOS channel banks
6:395  0:000  Channels: 2
6:395  0:000  Interleave: 0 2 1 3 4 6 5 7 8 10 9 11 12 14 13 15 16 18 17 19 20 22 21 23
6:395  0:000  trusted SMBIOS data:
6:395  0:000  SmbiosTable.Type17->Vendor = Samsung
6:395  0:000  SmbiosTable.Type17->SerialNumber = 12042EB0
6:395  0:000  SmbiosTable.Type17->PartNumber = GSA8G4SCL176P-24    
6:395  0:000   partNum=GSA8G4SCL176P-24    
6:395  0:000  SPD data in use:
6:395  0:000  SmbiosTable.Type17->Vendor = Samsung
6:395  0:000  SmbiosTable.Type17->SerialNumber = 12042EB0
6:395  0:000  SmbiosTable.Type17->PartNumber = GSA8G4SCL176P-24
6:395  0:000  SMBIOS Type 17 Index = 0 => 0 0:
6:395  0:000  BANK 0 DIMM0 2400MHz 8192MB(Ext:0MB)
6:395  0:000  trusted SMBIOS data:
6:395  0:000  SmbiosTable.Type17->Vendor = Samsung
6:395  0:000  SmbiosTable.Type17->SerialNumber = 12042EB0
6:395  0:000  SmbiosTable.Type17->PartNumber = GSA8G4SCL176P-24    
6:395  0:000   partNum=GSA8G4SCL176P-24    
6:395  0:000  SPD data in use:
6:395  0:000  SmbiosTable.Type17->Vendor = Samsung
6:395  0:000  SmbiosTable.Type17->SerialNumber = 12042EB0
6:395  0:000  SmbiosTable.Type17->PartNumber = GSA8G4SCL176P-24
6:395  0:000  SMBIOS Type 17 Index = 1 => 1 2:
6:395  0:000  BANK 1 DIMM0 2400MHz 8192MB(Ext:0MB)
6:395  0:000  mTotalSystemMemory = 16384
6:395  0:000  NumberOfMemoryDevices = 2
6:396  0:000  Type20[0]->End = 0x7FFFFF, Type17[0] = 2000
6:396  0:000  Type20[1]->End = 0xFFFFFF, Type17[1] = 6000
6:396  0:000  Table 131 is present, CPUType=31
6:396  0:000  Change to: 605
6:396  0:000  === [ PatchACPI ] ===============================
6:396  0:000  Xsdt reallocation done
6:396  0:000  old FADT length=114
6:396  0:000   SignatureFixup: 0x92D622AE -> 0x0
6:396  0:000  Apply DsdtFixMask=0x00200000
6:396  0:000  === [ FixBiosDsdt ] =============================
6:396  0:000  Patching DSDT:
6:396  0:000   - [Fix RTC _STA bug]: pattern A00A9353, patched at: [ (1432B) ]
6:397  0:000   - [change _OSI to XOSI]: pattern 5F4F5349, patched at: [ (AE4F) ]
6:397  0:000   - [change H_EC to EC]: pattern 485F4543, patched at: [ (8BD) ]
6:397  0:000   - [change GFX0 to IGPU]: pattern 47465830, patched at: [ (52) ]
6:397  0:000   - [change HECI to IMEI]: pattern 48454349, patched at: [ (13EAE) ]
6:398  0:000   - [change SAT0 to SATA]: pattern 53415430, patched at: [ (97F) ]
6:398  0:000   - [change _DSM to XDSM]: pattern 5F44534D, patched at: [ (44C0) ]
6:398  0:000   - [change XDCI._STA to XDCI.XSTA]: - [Fix NUC BIOS DSDT Device(RTC)]: pattern A00A9353, bin not found / already patched!
6:399  0:001    0 replacements
6:401  0:001  PreCleanup XSDT: count=20, length=196
6:401  0:000  PreCleanup XSDT, corrected XSDT: count=20, length=196
6:401  0:000  === [ ACPIPatchedAML ] ==========================
6:401  0:000  AutoMerge pass 1
6:401  0:000  Unsorted
6:401  0:000  Inserting SSDT-UIAC.aml from EFI\CLOVER\ACPI\patched: ignore on pass 1
6:401  0:000  === [ ACPIDropTables ] ==========================
6:401  0:000  Patching SSDT CpuSsdt Length=7007
6:401  0:000  0. [Fix RTC _STA bug]: pattern A00A9353, bin not found / already patched!
6:401  0:000  1. [change _OSI to XOSI]: pattern 5F4F5349, bin not found / already patched!
6:401  0:000  2. [change H_EC to EC]: pattern 485F4543, bin not found / already patched!
6:401  0:000  3. [change GFX0 to IGPU]: pattern 47465830, bin not found / already patched!
6:401  0:000  4. [change HECI to IMEI]: pattern 48454349, bin not found / already patched!
6:401  0:000  5. [change SAT0 to SATA]: pattern 53415430, bin not found / already patched!
6:401  0:000  6. [change _DSM to XDSM]: pattern 5F44534D, bin not found / already patched!
6:401  0:000  7. [change XDCI._STA to XDCI.XSTA]: pattern 5F535441, bin not found / already patched!
6:401  0:000  8. [Fix NUC BIOS DSDT Device(RTC)]: pattern A00A9353, bin not found / already patched!
6:401  0:000    0 replacements
6:401  0:000  Found OperationRegion(PNVS, SystemMemory, 8ADFA000, ...)
6:401  0:000  Patching SSDT SaSsdt  Length=12742
6:401  0:000  0. [Fix RTC _STA bug]: pattern A00A9353, bin not found / already patched!
6:401  0:000  1. [change _OSI to XOSI]: pattern 5F4F5349, bin not found / already patched!
6:401  0:000  2. [change H_EC to EC]: pattern 485F4543, bin not found / already patched!
6:401  0:000  3. [change GFX0 to IGPU]: pattern 47465830, patched at: [ (2D) ]
6:401  0:000  4. [change HECI to IMEI]: pattern 48454349, bin not found / already patched!
6:401  0:000  5. [change SAT0 to SATA]: pattern 53415430, bin not found / already patched!
6:401  0:000  6. [change _DSM to XDSM]: pattern 5F44534D, patched at: [ (2C92) ]
6:401  0:000  7. [change XDCI._STA to XDCI.XSTA]: pattern 5F535441, patched at: [ (313F) ]
6:401  0:000  8. [Fix NUC BIOS DSDT Device(RTC)]: pattern A00A9353, bin not found / already patched!
6:401  0:000    0 replacements
6:401  0:000  Found OperationRegion(SANV, SystemMemory, 8A57F118, ...)
6:401  0:000  Patching SSDT Ther_Rvp Length=4014
6:401  0:000  0. [Fix RTC _STA bug]: pattern A00A9353, bin not found / already patched!
6:401  0:000  1. [change _OSI to XOSI]: pattern 5F4F5349, bin not found / already patched!
6:401  0:000  2. [change H_EC to EC]: pattern 485F4543, patched at: [ (206) ]
6:401  0:000  3. [change GFX0 to IGPU]: pattern 47465830, bin not found / already patched!
6:401  0:000  4. [change HECI to IMEI]: pattern 48454349, bin not found / already patched!
6:401  0:000  5. [change SAT0 to SATA]: pattern 53415430, bin not found / already patched!
6:401  0:000  6. [change _DSM to XDSM]: pattern 5F44534D, bin not found / already patched!
6:401  0:000  7. [change XDCI._STA to XDCI.XSTA]: pattern 5F535441, patched at: [ (335) ]
6:401  0:000  8. [Fix NUC BIOS DSDT Device(RTC)]: pattern A00A9353, bin not found / already patched!
6:401  0:000    0 replacements
6:401  0:000  Patching SSDT xh_whld4 Length=12359
6:401  0:000  0. [Fix RTC _STA bug]: pattern A00A9353, bin not found / already patched!
6:401  0:000  1. [change _OSI to XOSI]: pattern 5F4F5349, bin not found / already patched!
6:401  0:000  2. [change H_EC to EC]: pattern 485F4543, bin not found / already patched!
6:401  0:000  3. [change GFX0 to IGPU]: pattern 47465830, bin not found / already patched!
6:401  0:000  4. [change HECI to IMEI]: pattern 48454349, bin not found / already patched!
6:401  0:000  5. [change SAT0 to SATA]: pattern 53415430, bin not found / already patched!
6:401  0:000  6. [change _DSM to XDSM]: pattern 5F44534D, bin not found / already patched!
6:401  0:000  7. [change XDCI._STA to XDCI.XSTA]: pattern 5F535441, bin not found / already patched!
6:401  0:000  8. [Fix NUC BIOS DSDT Device(RTC)]: pattern A00A9353, bin not found / already patched!
6:401  0:000    0 replacements
6:401  0:000  Patching SSDT PtidDevc Length=10206
6:401  0:000  0. [Fix RTC _STA bug]: pattern A00A9353, bin not found / already patched!
6:401  0:000  1. [change _OSI to XOSI]: pattern 5F4F5349, bin not found / already patched!
6:401  0:000  2. [change H_EC to EC]: pattern 485F4543, patched at: [ (24) ]
6:401  0:000  3. [change GFX0 to IGPU]: pattern 47465830, bin not found / already patched!
6:401  0:000  4. [change HECI to IMEI]: pattern 48454349, bin not found / already patched!
6:401  0:000  5. [change SAT0 to SATA]: pattern 53415430, bin not found / already patched!
6:401  0:000  6. [change _DSM to XDSM]: pattern 5F44534D, bin not found / already patched!
6:401  0:000  7. [change XDCI._STA to XDCI.XSTA]: pattern 5F535441, patched at: [ (846) ]
6:401  0:000  8. [Fix NUC BIOS DSDT Device(RTC)]: pattern A00A9353, bin not found / already patched!
6:401  0:000    0 replacements
6:401  0:000  Patching SSDT TbtTypeC Length=5346
6:401  0:000  0. [Fix RTC _STA bug]: pattern A00A9353, bin not found / already patched!
6:401  0:000  1. [change _OSI to XOSI]: pattern 5F4F5349, bin not found / already patched!
6:401  0:000  2. [change H_EC to EC]: pattern 485F4543, bin not found / already patched!
6:401  0:000  3. [change GFX0 to IGPU]: pattern 47465830, bin not found / already patched!
6:401  0:000  4. [change HECI to IMEI]: pattern 48454349, bin not found / already patched!
6:401  0:000  5. [change SAT0 to SATA]: pattern 53415430, bin not found / already patched!
6:401  0:000  6. [change _DSM to XDSM]: pattern 5F44534D, bin not found / already patched!
6:401  0:000  7. [change XDCI._STA to XDCI.XSTA]: pattern 5F535441, bin not found / already patched!
6:401  0:000  8. [Fix NUC BIOS DSDT Device(RTC)]: pattern A00A9353, bin not found / already patched!
6:401  0:000    0 replacements
6:401  0:000  Patching SSDT ADebTabl Length=324
6:401  0:000  0. [Fix RTC _STA bug]: pattern A00A9353, bin not found / already patched!
6:401  0:000  1. [change _OSI to XOSI]: pattern 5F4F5349, bin not found / already patched!
6:401  0:000  2. [change H_EC to EC]: pattern 485F4543, bin not found / already patched!
6:401  0:000  3. [change GFX0 to IGPU]: pattern 47465830, bin not found / already patched!
6:401  0:000  4. [change HECI to IMEI]: pattern 48454349, bin not found / already patched!
6:401  0:000  5. [change SAT0 to SATA]: pattern 53415430, bin not found / already patched!
6:401  0:000  6. [change _DSM to XDSM]: pattern 5F44534D, bin not found / already patched!
6:401  0:000  7. [change XDCI._STA to XDCI.XSTA]: pattern 5F535441, bin not found / already patched!
6:401  0:000  8. [Fix NUC BIOS DSDT Device(RTC)]: pattern A00A9353, bin not found / already patched!
6:401  0:000    0 replacements
6:401  0:000  Found OperationRegion(ADHD, SystemMemory, 894E7000, ...)
6:401  0:000  Found OperationRegion(ABLK, SystemMemory, 894E7020, ...)
6:401  0:000  === [ ACPIPatchedAML ] ==========================
6:401  0:000  AutoMerge pass 2
6:401  0:000  Unsorted
6:401  0:000  Inserting SSDT-UIAC.aml from EFI\CLOVER\ACPI\patched: size=1542 ... Success
6:402  0:000  ApicCPUNum=1
6:402  0:000  Maximum control=0x17
6:402  0:000  Turbo control=0x26
6:402  0:000  P-States: min 0x4, max 0x26
6:402  0:000  SSDT with plugin-type without P-States is generated
6:402  0:000  Cleanup XSDT: count=22, length=212
6:402  0:000  corrected XSDT count=22, length=212
6:402  0:000  === [ RestSetup macOS ] =========================
6:402  0:000  EdidDiscovered size=256
6:402  0:000  --- Discovered EDID Table size:256
6:402  0:000  000  |  00  FF  FF  FF  FF  FF  FF  00  41  0C
6:402  0:000  010  |  31  C2  48  08  00  00  14  1E  01  03
6:402  0:000  020  |  80  3E  22  78  2A  AD  65  AD  50  45
6:402  0:000  030  |  9F  25  0E  50  54  BF  EF  00  D1  C0
6:402  0:000  040  |  B3  00  95  00  81  80  81  40  81  C0
6:402  0:000  050  |  01  01  01  01  4D  D0  00  A0  F0  70
6:402  0:000  060  |  3E  80  30  40  35  00  6D  55  21  00
6:402  0:000  070  |  00  1A  00  00  00  FF  00  41  55  35
6:402  0:000  080  |  32  30  32  30  30  30  32  31  32  30
6:402  0:000  090  |  00  00  00  FC  00  50  48  4C  20  32
6:402  0:000  100  |  38  38  45  32  0A  20  20  20  00  00
6:402  0:000  110  |  00  FD  00  28  3C  1E  8C  3C  00  0A
6:402  0:000  120  |  20  20  20  20  20  20  01  A1  02  03
6:402  0:000  130  |  3C  F1  4C  90  04  03  1F  13  01  12
6:402  0:000  140  |  5D  5E  5F  60  61  23  09  07  07  83
6:402  0:000  150  |  01  00  00  6D  03  0C  00  20  00  38
6:402  0:000  160  |  3C  20  00  60  01  02  03  67  D8  5D
6:402  0:000  170  |  C4  01  78  80  03  E3  0F  00  0C  68
6:402  0:000  180  |  1A  00  00  01  01  28  3C  E6  A3  66
6:402  0:000  190  |  00  A0  F0  70  1F  80  30  20  35  00
6:402  0:000  200  |  6D  55  21  00  00  1A  56  5E  00  A0
6:402  0:000  210  |  A0  A0  29  50  30  20  35  00  6D  55
6:402  0:000  220  |  21  00  00  1E  4D  6C  80  A0  70  70
6:402  0:000  230  |  3E  80  30  20  3A  00  6D  55  21  00
6:402  0:000  240  |  00  1A  00  00  00  00  00  00  00  00
6:402  0:000  250  |  00  00  00  00  00  94
6:402  0:000  add device: PciRoot(0x0)/Pci(0x2,0x0)
6:402  0:000     Add key=hda-gfx valuelen=10
6:402  0:000     Add key=framebuffer-unifiedmem valuelen=4
6:402  0:000     Add key=framebuffer-patch-enable valuelen=4
6:402  0:000     Add key=framebuffer-fbmem valuelen=4
6:402  0:000     Add key=framebuffer-cursormem valuelen=4
6:402  0:000     Add key=framebuffer-con2-type valuelen=4
6:402  0:000     Add key=framebuffer-con2-flags valuelen=4
6:402  0:000     Add key=framebuffer-con2-enable valuelen=4
6:402  0:000     Add key=framebuffer-con2-busid valuelen=4
6:402  0:000     Add key=framebuffer-con1-type valuelen=4
6:402  0:000     Add key=framebuffer-con1-flags valuelen=4
6:402  0:000     Add key=framebuffer-con1-enable valuelen=4
6:402  0:000     Add key=framebuffer-con1-busid valuelen=4
6:402  0:000     Add key=framebuffer-con0-enable valuelen=4
6:402  0:000     Add key=framebuffer-con0-busid valuelen=4
6:402  0:000     Add key=enable-hdmi20 valuelen=4
6:402  0:000     Add key=enable-hdmi-dividers-fix valuelen=4
6:402  0:000     Add key=disable-external-gpu valuelen=4
6:402  0:000     Add key=AAPL,slot-name valuelen=15
6:402  0:000  add device: PciRoot(0x0)/Pci(0x1F,0x3)
6:402  0:000     Add key=model valuelen=49
6:402  0:000     Add key=layout-id valuelen=4
6:402  0:000     Add key=hda-gfx valuelen=10
6:402  0:000     Add key=device_type valuelen=13
6:402  0:000     Add key=AAPL,slot-name valuelen=16
6:402  0:000  add device: PciRoot(0x0)/Pci(0x1C,0x7)/Pci(0x0,0x0)
6:402  0:000     Add key=name valuelen=3
6:402  0:000     Add key=model valuelen=34
6:402  0:000     Add key=device_type valuelen=16
6:402  0:000     Add key=AAPL,slot-name valuelen=20
6:402  0:000  Intel GFX injection not set
6:402  0:000   RCBA disabled; cannot use it
6:402  0:000  stringlength = 3396
6:402  0:000  CurrentMode: Width=3840 Height=2160
6:402  0:000  Beginning FSInjection
FSInjectionInstall ...
- Our FSI_SIMPLE_FILE_SYSTEM_PROTOCOL installed on handle: 85002898
FSInjectionInstall ...
- Our FSI_SIMPLE_FILE_SYSTEM_PROTOCOL installed on handle: 85002898
6:403  0:000  Use origin smbios table type 1 guid.
6:407  0:003  Preparing kexts injection for arch=x86_64 from EFI\CLOVER\kexts\Other
6:407  0:000  ->Extra kext: EFI\CLOVER\kexts\Other\SMCDellSensors.kext (v.1.1.6)
6:413  0:006  ->Extra kext: EFI\CLOVER\kexts\Other\SMCSuperIO.kext (v.1.1.6)
6:419  0:006  ->Extra kext: EFI\CLOVER\kexts\Other\BrcmFirmwareData.kext (v.2.5.4)
6:428  0:008  ->Extra kext: EFI\CLOVER\kexts\Other\BrcmBluetoothInjector.kext (v.2.5.4)
6:481  0:053  ->Extra kext: EFI\CLOVER\kexts\Other\BrcmPatchRAM3.kext (v.2.5.4)
6:548  0:066  ->Extra kext: EFI\CLOVER\kexts\Other\WhateverGreen.kext (v.1.4.2)
6:556  0:007  ->Extra kext: EFI\CLOVER\kexts\Other\XHCI-unsupported.kext (v.0.9.2)
6:561  0:005  ->Extra kext: EFI\CLOVER\kexts\Other\Lilu.kext (v.1.4.7)
6:567  0:006  ->Extra kext: EFI\CLOVER\kexts\Other\SMCProcessor.kext (v.1.1.6)
6:574  0:007  ->Extra kext: EFI\CLOVER\kexts\Other\VirtualSMC.kext (v.1.1.6)
6:584  0:010  ->Extra kext: EFI\CLOVER\kexts\Other\CPUFriend.kext (v.1.2.1)
6:592  0:007  ->Extra kext: EFI\CLOVER\kexts\Other\USBInjectAll.kext (v.0.7.5)
6:927  0:335  ->Extra kext: EFI\CLOVER\kexts\Other\AirportBrcmFixup.kext (v.2.0.8)
6:935  0:008      |-- PlugIn kext: EFI\CLOVER\kexts\Other\AirportBrcmFixup.kext\Contents\PlugIns\AirPortBrcmNIC_Injector.kext (v.1.0)
6:938  0:003      |-- PlugIn kext: EFI\CLOVER\kexts\Other\AirportBrcmFixup.kext\Contents\PlugIns\AirPortBrcm4360_Injector.kext (v.1.0)
6:942  0:003  ->Extra kext: EFI\CLOVER\kexts\Other\RealtekRTL8111.kext (v.2.3.0)
6:949  0:007  ->Extra kext: EFI\CLOVER\kexts\Other\AppleALC.kext (v.1.5.1)
7:595  0:646  ->Extra kext: EFI\CLOVER\kexts\Other\SATA-unsupported.kext (v.0.9.2)
7:605  0:009  ->Extra kext: EFI\CLOVER\kexts\Other\USBPorts.kext (v.1.0)
7:625  0:020  Preparing kexts injection for arch=x86_64 from EFI\CLOVER\kexts\10
7:625  0:000  Preparing kexts injection for arch=x86_64 from EFI\CLOVER\kexts\10_normal
7:625  0:000  Preparing kexts injection for arch=x86_64 from EFI\CLOVER\kexts\10.15
7:625  0:000  Preparing kexts injection for arch=x86_64 from EFI\CLOVER\kexts\10.15_normal
7:625  0:000  Preparing kexts injection for arch=x86_64 from EFI\CLOVER\kexts\10.15.7
7:625  0:000  Preparing kexts injection for arch=x86_64 from EFI\CLOVER\kexts\10.15.7_normal
7:628  0:003  SetStartupDiskVolume:
7:628  0:000    * Volume: 'Machintosh HD'
7:628  0:000    * LoaderPath: ''
7:628  0:000    * DevPath: Machintosh HD
7:628  0:000    * GUID = C505F350-BB67-4645-B780-7A09A22EAD4D
7:628  0:000    * efi-boot-device: <array><dict><key>IOMatch</key><dict><key>IOProviderClass</key><string>IOMedia</string><key>IOPropertyMatch</key><dict><key>UUID</key><string>C505F350-BB67-4645-B780-7A09A22EAD4D</string></dict></dict></dict></array>
7:628  0:000  SetScreenResolution: 3840x2160 - already set
7:628  0:000  Custom boot is disabled
7:629  0:000  Closing log
